
2023-05-31 17:04:19...installerHook: Info: custom/install/install_hooks.php not present, no custom hooks to execute
2023-05-31 17:08:22...installerHook: Info: custom/install/install_hooks.php not present, no custom hooks to execute
2023-05-31 17:08:22...installerHook: Info: custom/install/install_hooks.php not present, no custom hooks to execute
2023-05-31 17:08:25...installerHook: Info: custom/install/install_hooks.php not present, no custom hooks to execute
2023-05-31 17:09:14...Begin DB Check Process *************
2023-05-31 17:09:14...testing with mysql:mysqli
2023-05-31 17:09:14...Basic form info is valid, continuing Process.
2023-05-31 17:09:14...Testing user account...
2023-05-31 17:09:14...Connection made using  host: localhost, usr: root
2023-05-31 17:09:14...SUCCESS:: no errors detected!
2023-05-31 17:09:14...End DB Check Process *************
2023-05-31 17:09:14...installerHook: Info: custom/install/install_hooks.php not present, no custom hooks to execute
2023-05-31 17:09:14...calling handleSugarConfig()
2023-05-31 17:09:14...calling handleHtaccess()
2023-05-31 17:09:14...calling handleDbCreateDatabase()
2023-05-31 17:09:18...looping through all the Beans and create their tables
2023-05-31 17:09:18...processing table acl_actions
2023-05-31 17:09:18...creating table acl_actions
2023-05-31 17:09:18...creating Relationship Meta for ACLAction
2023-05-31 17:09:18...processing table acl_roles
2023-05-31 17:09:18...creating table acl_roles
2023-05-31 17:09:18...creating Relationship Meta for ACLRole
2023-05-31 17:09:18...processing table relationships
2023-05-31 17:09:18...creating table relationships
2023-05-31 17:09:18...creating Relationship Meta for Relationship
2023-05-31 17:09:19...processing table leads
2023-05-31 17:09:19...creating table leads
2023-05-31 17:09:19...creating Relationship Meta for Lead
2023-05-31 17:09:19...processing table cases
2023-05-31 17:09:19...creating table cases
2023-05-31 17:09:19...creating Relationship Meta for Case
2023-05-31 17:09:20...processing table bugs
2023-05-31 17:09:20...creating table bugs
2023-05-31 17:09:20...creating Relationship Meta for Bug
2023-05-31 17:09:20...processing table users
2023-05-31 17:09:20...creating table users
2023-05-31 17:09:20...creating Relationship Meta for User
2023-05-31 17:09:20...processing table campaign_log
2023-05-31 17:09:20...creating table campaign_log
2023-05-31 17:09:20...creating Relationship Meta for CampaignLog
2023-05-31 17:09:20...processing table project
2023-05-31 17:09:21...creating table project
2023-05-31 17:09:21...creating Relationship Meta for Project
2023-05-31 17:09:21...processing table project_task
2023-05-31 17:09:21...creating table project_task
2023-05-31 17:09:21...creating Relationship Meta for ProjectTask
2023-05-31 17:09:21...processing table campaigns
2023-05-31 17:09:21...creating table campaigns
2023-05-31 17:09:21...creating Relationship Meta for Campaign
2023-05-31 17:09:22...processing table prospect_lists
2023-05-31 17:09:22...creating table prospect_lists
2023-05-31 17:09:22...creating Relationship Meta for ProspectList
2023-05-31 17:09:22...processing table prospects
2023-05-31 17:09:22...creating table prospects
2023-05-31 17:09:22...creating Relationship Meta for Prospect
2023-05-31 17:09:23...processing table email_marketing
2023-05-31 17:09:23...creating table email_marketing
2023-05-31 17:09:23...creating Relationship Meta for EmailMarketing
2023-05-31 17:09:23...processing table campaign_trkrs
2023-05-31 17:09:23...creating table campaign_trkrs
2023-05-31 17:09:23...creating Relationship Meta for CampaignTracker
2023-05-31 17:09:23...processing table releases
2023-05-31 17:09:23...creating table releases
2023-05-31 17:09:23...creating Relationship Meta for Release
2023-05-31 17:09:23...processing table emailman
2023-05-31 17:09:23...creating table emailman
2023-05-31 17:09:23...creating Relationship Meta for EmailMan
2023-05-31 17:09:23...processing table schedulers
2023-05-31 17:09:23...creating table schedulers
2023-05-31 17:09:23...creating Relationship Meta for Scheduler
2023-05-31 17:09:23...processing table job_queue
2023-05-31 17:09:23...creating table job_queue
2023-05-31 17:09:23...creating Relationship Meta for SchedulersJob
2023-05-31 17:09:24...processing table contacts
2023-05-31 17:09:24...creating table contacts
2023-05-31 17:09:24...creating Relationship Meta for Contact
2023-05-31 17:09:24...processing table accounts
2023-05-31 17:09:25...creating table accounts
2023-05-31 17:09:25...creating Relationship Meta for Account
2023-05-31 17:09:25...processing table opportunities
2023-05-31 17:09:25...creating table opportunities
2023-05-31 17:09:25...creating Relationship Meta for Opportunity
2023-05-31 17:09:26...processing table email_templates
2023-05-31 17:09:26...creating table email_templates
2023-05-31 17:09:26...creating Relationship Meta for EmailTemplate
2023-05-31 17:09:26...processing table notes
2023-05-31 17:09:26...creating table notes
2023-05-31 17:09:26...creating Relationship Meta for Note
2023-05-31 17:09:27...processing table calls
2023-05-31 17:09:27...creating table calls
2023-05-31 17:09:27...creating Relationship Meta for Call
2023-05-31 17:09:27...processing table emails
2023-05-31 17:09:27...creating table emails
2023-05-31 17:09:27...creating Relationship Meta for Email
2023-05-31 17:09:28...processing table meetings
2023-05-31 17:09:28...creating table meetings
2023-05-31 17:09:28...creating Relationship Meta for Meeting
2023-05-31 17:09:28...processing table tasks
2023-05-31 17:09:28...creating table tasks
2023-05-31 17:09:28...creating Relationship Meta for Task
2023-05-31 17:09:29...processing table users
2023-05-31 17:09:29...processing table users
2023-05-31 17:09:29...processing table currencies
2023-05-31 17:09:29...creating table currencies
2023-05-31 17:09:29...creating Relationship Meta for Currency
2023-05-31 17:09:29...processing table tracker
2023-05-31 17:09:29...creating table tracker
2023-05-31 17:09:29...creating Relationship Meta for Tracker
2023-05-31 17:09:29...processing table import_maps
2023-05-31 17:09:29...creating table import_maps
2023-05-31 17:09:29...creating Relationship Meta for ImportMap
2023-05-31 17:09:29...processing table users_last_import
2023-05-31 17:09:29...creating table users_last_import
2023-05-31 17:09:29...creating Relationship Meta for UsersLastImport
2023-05-31 17:09:30...processing table config
2023-05-31 17:09:30...creating table config
2023-05-31 17:09:30...creating Relationship Meta for Administration
2023-05-31 17:09:30...processing table upgrade_history
2023-05-31 17:09:30...creating table upgrade_history
2023-05-31 17:09:30...creating Relationship Meta for UpgradeHistory
2023-05-31 17:09:30...processing table vcals
2023-05-31 17:09:30...creating table vcals
2023-05-31 17:09:30...creating Relationship Meta for vCal
2023-05-31 17:09:30...processing table alerts
2023-05-31 17:09:30...creating table alerts
2023-05-31 17:09:30...creating Relationship Meta for Alert
2023-05-31 17:09:30...processing table roles
2023-05-31 17:09:30...creating table roles
2023-05-31 17:09:30...creating Relationship Meta for Role
2023-05-31 17:09:31...processing table documents
2023-05-31 17:09:31...creating table documents
2023-05-31 17:09:31...creating Relationship Meta for Document
2023-05-31 17:09:31...processing table document_revisions
2023-05-31 17:09:31...creating table document_revisions
2023-05-31 17:09:31...creating Relationship Meta for DocumentRevision
2023-05-31 17:09:31...processing table fields_meta_data
2023-05-31 17:09:31...creating table fields_meta_data
2023-05-31 17:09:31...creating Relationship Meta for FieldsMetaData
2023-05-31 17:09:31...processing table 
2023-05-31 17:09:32...processing table inbound_email
2023-05-31 17:09:32...creating table inbound_email
2023-05-31 17:09:32...creating Relationship Meta for InboundEmail
2023-05-31 17:09:32...processing table saved_search
2023-05-31 17:09:32...creating table saved_search
2023-05-31 17:09:32...creating Relationship Meta for SavedSearch
2023-05-31 17:09:32...processing table user_preferences
2023-05-31 17:09:32...creating table user_preferences
2023-05-31 17:09:32...creating Relationship Meta for UserPreference
2023-05-31 17:09:32...processing table 
2023-05-31 17:09:32...processing table email_addresses
2023-05-31 17:09:32...creating table email_addresses
2023-05-31 17:09:32...creating Relationship Meta for EmailAddress
2023-05-31 17:09:32...processing table emails_text
2023-05-31 17:09:32...creating table emails_text
2023-05-31 17:09:32...creating Relationship Meta for EmailText
2023-05-31 17:09:33...processing table spots
2023-05-31 17:09:33...creating table spots
2023-05-31 17:09:33...creating Relationship Meta for Spots
2023-05-31 17:09:33...processing table aobh_businesshours
2023-05-31 17:09:33...creating table aobh_businesshours
2023-05-31 17:09:33...creating Relationship Meta for AOBH_BusinessHours
2023-05-31 17:09:33...processing table sugarfeed
2023-05-31 17:09:33...creating table sugarfeed
2023-05-31 17:09:33...creating Relationship Meta for SugarFeed
2023-05-31 17:09:34...processing table eapm
2023-05-31 17:09:34...creating table eapm
2023-05-31 17:09:34...creating Relationship Meta for EAPM
2023-05-31 17:09:34...processing table oauth_consumer
2023-05-31 17:09:34...creating table oauth_consumer
2023-05-31 17:09:34...creating Relationship Meta for OAuthKey
2023-05-31 17:09:34...processing table oauth_tokens
2023-05-31 17:09:34...creating table oauth_tokens
2023-05-31 17:09:34...creating Relationship Meta for OAuthToken
2023-05-31 17:09:35...processing table am_projecttemplates
2023-05-31 17:09:35...creating table am_projecttemplates
2023-05-31 17:09:35...creating Relationship Meta for AM_ProjectTemplates
2023-05-31 17:09:35...processing table am_tasktemplates
2023-05-31 17:09:35...creating table am_tasktemplates
2023-05-31 17:09:35...creating Relationship Meta for AM_TaskTemplates
2023-05-31 17:09:35...processing table favorites
2023-05-31 17:09:35...creating table favorites
2023-05-31 17:09:36...creating Relationship Meta for Favorites
2023-05-31 17:09:36...processing table aok_knowledge_base_categories
2023-05-31 17:09:36...creating table aok_knowledge_base_categories
2023-05-31 17:09:36...creating Relationship Meta for AOK_Knowledge_Base_Categories
2023-05-31 17:09:36...processing table aok_knowledgebase
2023-05-31 17:09:36...creating table aok_knowledgebase
2023-05-31 17:09:36...creating Relationship Meta for AOK_KnowledgeBase
2023-05-31 17:09:36...processing table reminders
2023-05-31 17:09:36...creating table reminders
2023-05-31 17:09:36...creating Relationship Meta for Reminder
2023-05-31 17:09:36...processing table reminders_invitees
2023-05-31 17:09:37...creating table reminders_invitees
2023-05-31 17:09:37...creating Relationship Meta for Reminder_Invitee
2023-05-31 17:09:37...processing table fp_events
2023-05-31 17:09:37...creating table fp_events
2023-05-31 17:09:37...creating Relationship Meta for FP_events
2023-05-31 17:09:37...processing table fp_event_locations
2023-05-31 17:09:37...creating table fp_event_locations
2023-05-31 17:09:37...creating Relationship Meta for FP_Event_Locations
2023-05-31 17:09:37...processing table aod_indexevent
2023-05-31 17:09:38...creating table aod_indexevent
2023-05-31 17:09:38...creating Relationship Meta for AOD_IndexEvent
2023-05-31 17:09:38...processing table aod_index
2023-05-31 17:09:38...creating table aod_index
2023-05-31 17:09:38...creating Relationship Meta for AOD_Index
2023-05-31 17:09:38...processing table aop_case_events
2023-05-31 17:09:38...creating table aop_case_events
2023-05-31 17:09:38...creating Relationship Meta for AOP_Case_Events
2023-05-31 17:09:38...processing table aop_case_updates
2023-05-31 17:09:39...creating table aop_case_updates
2023-05-31 17:09:39...creating Relationship Meta for AOP_Case_Updates
2023-05-31 17:09:39...processing table aor_reports
2023-05-31 17:09:39...creating table aor_reports
2023-05-31 17:09:39...creating Relationship Meta for AOR_Report
2023-05-31 17:09:39...processing table aor_fields
2023-05-31 17:09:39...creating table aor_fields
2023-05-31 17:09:39...creating Relationship Meta for AOR_Field
2023-05-31 17:09:39...processing table aor_charts
2023-05-31 17:09:39...creating table aor_charts
2023-05-31 17:09:39...creating Relationship Meta for AOR_Chart
2023-05-31 17:09:39...processing table aor_conditions
2023-05-31 17:09:39...creating table aor_conditions
2023-05-31 17:09:39...creating Relationship Meta for AOR_Condition
2023-05-31 17:09:39...processing table aor_scheduled_reports
2023-05-31 17:09:40...creating table aor_scheduled_reports
2023-05-31 17:09:40...creating Relationship Meta for AOR_Scheduled_Reports
2023-05-31 17:09:40...processing table aos_contracts
2023-05-31 17:09:40...creating table aos_contracts
2023-05-31 17:09:40...creating Relationship Meta for AOS_Contracts
2023-05-31 17:09:40...processing table aos_invoices
2023-05-31 17:09:40...creating table aos_invoices
2023-05-31 17:09:40...creating Relationship Meta for AOS_Invoices
2023-05-31 17:09:40...processing table aos_pdf_templates
2023-05-31 17:09:41...creating table aos_pdf_templates
2023-05-31 17:09:41...creating Relationship Meta for AOS_PDF_Templates
2023-05-31 17:09:41...processing table aos_product_categories
2023-05-31 17:09:41...creating table aos_product_categories
2023-05-31 17:09:41...creating Relationship Meta for AOS_Product_Categories
2023-05-31 17:09:41...processing table aos_products
2023-05-31 17:09:41...creating table aos_products
2023-05-31 17:09:41...creating Relationship Meta for AOS_Products
2023-05-31 17:09:41...processing table aos_products_quotes
2023-05-31 17:09:41...creating table aos_products_quotes
2023-05-31 17:09:41...creating Relationship Meta for AOS_Products_Quotes
2023-05-31 17:09:41...processing table aos_line_item_groups
2023-05-31 17:09:42...creating table aos_line_item_groups
2023-05-31 17:09:42...creating Relationship Meta for AOS_Line_Item_Groups
2023-05-31 17:09:42...processing table aos_quotes
2023-05-31 17:09:42...creating table aos_quotes
2023-05-31 17:09:42...creating Relationship Meta for AOS_Quotes
2023-05-31 17:09:42...processing table aow_actions
2023-05-31 17:09:42...creating table aow_actions
2023-05-31 17:09:42...creating Relationship Meta for AOW_Action
2023-05-31 17:09:42...processing table aow_workflow
2023-05-31 17:09:42...creating table aow_workflow
2023-05-31 17:09:42...creating Relationship Meta for AOW_WorkFlow
2023-05-31 17:09:42...processing table aow_processed
2023-05-31 17:09:43...creating table aow_processed
2023-05-31 17:09:43...creating Relationship Meta for AOW_Processed
2023-05-31 17:09:43...processing table aow_conditions
2023-05-31 17:09:43...creating table aow_conditions
2023-05-31 17:09:43...creating Relationship Meta for AOW_Condition
2023-05-31 17:09:43...processing table jjwg_maps
2023-05-31 17:09:43...creating table jjwg_maps
2023-05-31 17:09:43...creating Relationship Meta for jjwg_Maps
2023-05-31 17:09:44...processing table jjwg_markers
2023-05-31 17:09:44...creating table jjwg_markers
2023-05-31 17:09:44...creating Relationship Meta for jjwg_Markers
2023-05-31 17:09:44...processing table jjwg_areas
2023-05-31 17:09:44...creating table jjwg_areas
2023-05-31 17:09:44...creating Relationship Meta for jjwg_Areas
2023-05-31 17:09:45...processing table jjwg_address_cache
2023-05-31 17:09:45...creating table jjwg_address_cache
2023-05-31 17:09:45...creating Relationship Meta for jjwg_Address_Cache
2023-05-31 17:09:45...processing table calls_reschedule
2023-05-31 17:09:45...creating table calls_reschedule
2023-05-31 17:09:45...creating Relationship Meta for Calls_Reschedule
2023-05-31 17:09:46...processing table securitygroups
2023-05-31 17:09:46...creating table securitygroups
2023-05-31 17:09:46...creating Relationship Meta for SecurityGroup
2023-05-31 17:09:46...processing table outbound_email
2023-05-31 17:09:46...creating table outbound_email
2023-05-31 17:09:46...creating Relationship Meta for OutboundEmailAccounts
2023-05-31 17:09:47...processing table templatesectionline
2023-05-31 17:09:47...creating table templatesectionline
2023-05-31 17:09:47...creating Relationship Meta for TemplateSectionLine
2023-05-31 17:09:47...processing table oauth2tokens
2023-05-31 17:09:47...creating table oauth2tokens
2023-05-31 17:09:47...creating Relationship Meta for OAuth2Tokens
2023-05-31 17:09:47...processing table oauth2clients
2023-05-31 17:09:47...creating table oauth2clients
2023-05-31 17:09:47...creating Relationship Meta for OAuth2Clients
2023-05-31 17:09:48...processing table surveyresponses
2023-05-31 17:09:48...creating table surveyresponses
2023-05-31 17:09:48...creating Relationship Meta for SurveyResponses
2023-05-31 17:09:48...processing table surveys
2023-05-31 17:09:48...creating table surveys
2023-05-31 17:09:48...creating Relationship Meta for Surveys
2023-05-31 17:09:48...processing table surveyquestionresponses
2023-05-31 17:09:49...creating table surveyquestionresponses
2023-05-31 17:09:49...creating Relationship Meta for SurveyQuestionResponses
2023-05-31 17:09:49...processing table surveyquestions
2023-05-31 17:09:49...creating table surveyquestions
2023-05-31 17:09:49...creating Relationship Meta for SurveyQuestions
2023-05-31 17:09:50...processing table surveyquestionoptions
2023-05-31 17:09:50...creating table surveyquestionoptions
2023-05-31 17:09:50...creating Relationship Meta for SurveyQuestionOptions
2023-05-31 17:09:58...Begin creating Defaults
2023-05-31 17:09:58...insert defaults into config table
2023-05-31 17:09:58...Creating default users
2023-05-31 17:09:59...Creating default scheduler jobs
2023-05-31 17:09:59...Enable SugarFeeds
2023-05-31 17:10:00...Installation has completed *********
2023-05-31 17:10:20...populating the db with seed data
2023-05-31 17:12:03...Save configuration settings..
2023-05-31 17:12:03...save locale
2023-05-31 17:12:03...new Administration
2023-05-31 17:12:03...retrieveSettings
2023-05-31 17:12:03...AdminWizard OFF
2023-05-31 17:12:03...saveConfig
2023-05-31 17:12:03...new Configurator
2023-05-31 17:12:03...populateFromPost
2023-05-31 17:12:03...handleOverride
2023-05-31 17:12:03...addCronAllowedUser
2023-05-31 17:12:03...saveConfig
2023-05-31 17:12:03...new Currency
2023-05-31 17:12:03...retrieve
2023-05-31 17:12:03...DBG: save currency
2023-05-31 17:12:03...Save user settings..
2023-05-31 17:12:04...DBG: SugarThemeRegistry::getDefault
2023-05-31 17:12:11...installerHook: Info: custom/install/install_hooks.php not present, no custom hooks to execute